

Started GET "/assets/rails.png" for 127.0.0.1 at 2012-10-11 14:56:29 -0400
Served asset /rails.png - 200 OK (41ms)
  [1m[36m (536.4ms)[0m  [1mCREATE TABLE `schema_migrations` (`version` varchar(255) NOT NULL) ENGINE=InnoDB[0m
  [1m[35m (563.1ms)[0m  CREATE UNIQUE INDEX `unique_schema_migrations` ON `schema_migrations` (`version`)
  [1m[36m (11.1ms)[0m  [1mSELECT `schema_migrations`.`version` FROM `schema_migrations` [0m
Migrating to CreateExpenses (20121011190426)
  [1m[35m (138.4ms)[0m  CREATE TABLE `expenses` (`id` int(11) DEFAULT NULL auto_increment PRIMARY KEY, `item` varchar(255), `amount` int(11), `addition` tinyint(1), `created_at` datetime NOT NULL, `updated_at` datetime NOT NULL) ENGINE=InnoDB
  [1m[36m (28.9ms)[0m  [1mINSERT INTO `schema_migrations` (`version`) VALUES ('20121011190426')[0m
  [1m[35m (0.2ms)[0m  SELECT `schema_migrations`.`version` FROM `schema_migrations` 


Started GET "/expense" for 127.0.0.1 at 2012-10-11 15:04:54 -0400

ActionController::RoutingError (No route matches [GET] "/expense"):
  actionpack (3.2.3) lib/action_dispatch/middleware/debug_exceptions.rb:21:in `call'
  actionpack (3.2.3) lib/action_dispatch/middleware/show_exceptions.rb:56:in `call'
  railties (3.2.3) lib/rails/rack/logger.rb:26:in `call_app'
  railties (3.2.3) lib/rails/rack/logger.rb:16:in `call'
  actionpack (3.2.3) lib/action_dispatch/middleware/request_id.rb:22:in `call'
  rack (1.4.1) lib/rack/methodoverride.rb:21:in `call'
  rack (1.4.1) lib/rack/runtime.rb:17:in `call'
  activesupport (3.2.3) lib/active_support/cache/strategy/local_cache.rb:72:in `call'
  rack (1.4.1) lib/rack/lock.rb:15:in `call'
  actionpack (3.2.3) lib/action_dispatch/middleware/static.rb:62:in `call'
  railties (3.2.3) lib/rails/engine.rb:479:in `call'
  railties (3.2.3) lib/rails/application.rb:220:in `call'
  rack (1.4.1) lib/rack/content_length.rb:14:in `call'
  railties (3.2.3) lib/rails/rack/log_tailer.rb:14:in `call'
  rack (1.4.1) lib/rack/handler/webrick.rb:59:in `service'
  /Users/joedoe/.rvm/rubies/ruby-1.9.3-p125/lib/ruby/1.9.1/webrick/httpserver.rb:138:in `service'
  /Users/joedoe/.rvm/rubies/ruby-1.9.3-p125/lib/ruby/1.9.1/webrick/httpserver.rb:94:in `run'
  /Users/joedoe/.rvm/rubies/ruby-1.9.3-p125/lib/ruby/1.9.1/webrick/server.rb:191:in `block in start_thread'


  Rendered /Users/joedoe/.rvm/gems/ruby-1.9.3-p125/gems/actionpack-3.2.3/lib/action_dispatch/middleware/templates/rescues/routing_error.erb within rescues/layout (3.0ms)


Started GET "/expenses" for 127.0.0.1 at 2012-10-11 15:04:58 -0400
Processing by ExpensesController#index as HTML
  [1m[36mExpense Load (1.5ms)[0m  [1mSELECT `expenses`.* FROM `expenses` [0m
  Rendered expenses/index.html.erb within layouts/application (0.8ms)
Compiled expenses.css  (35ms)  (pid 49446)
Compiled scaffolds.css  (14ms)  (pid 49446)
Compiled application.css  (67ms)  (pid 49446)
Compiled jquery.js  (3ms)  (pid 49446)
Compiled jquery_ujs.js  (1ms)  (pid 49446)
Compiled expenses.js  (393ms)  (pid 49446)
Compiled application.js  (451ms)  (pid 49446)
Completed 200 OK in 674ms (Views: 586.4ms | ActiveRecord: 4.2ms)


Started GET "/assets/application.css?body=1" for 127.0.0.1 at 2012-10-11 15:04:58 -0400
Served asset /application.css - 200 OK (26ms)


Started GET "/assets/expenses.css?body=1" for 127.0.0.1 at 2012-10-11 15:04:58 -0400
Served asset /expenses.css - 200 OK (2ms)


Started GET "/assets/scaffolds.css?body=1" for 127.0.0.1 at 2012-10-11 15:04:58 -0400
Served asset /scaffolds.css - 200 OK (1ms)


Started GET "/assets/jquery_ujs.js?body=1" for 127.0.0.1 at 2012-10-11 15:04:58 -0400
Served asset /jquery_ujs.js - 200 OK (2ms)


Started GET "/assets/jquery.js?body=1" for 127.0.0.1 at 2012-10-11 15:04:58 -0400
Served asset /jquery.js - 200 OK (2ms)


Started GET "/assets/application.js?body=1" for 127.0.0.1 at 2012-10-11 15:04:58 -0400
Served asset /application.js - 200 OK (4ms)


Started GET "/assets/expenses.js?body=1" for 127.0.0.1 at 2012-10-11 15:04:58 -0400
Served asset /expenses.js - 200 OK (1ms)


Started GET "/expenses/new" for 127.0.0.1 at 2012-10-11 15:05:19 -0400
Processing by ExpensesController#new as HTML
  Rendered expenses/_form.html.erb (45.0ms)
  Rendered expenses/new.html.erb within layouts/application (126.5ms)
Completed 200 OK in 139ms (Views: 133.1ms | ActiveRecord: 0.0ms)


Started GET "/assets/application.css?body=1" for 127.0.0.1 at 2012-10-11 15:05:19 -0400
Served asset /application.css - 304 Not Modified (0ms)


Started GET "/assets/expenses.css?body=1" for 127.0.0.1 at 2012-10-11 15:05:19 -0400
Served asset /expenses.css - 304 Not Modified (0ms)


Started GET "/assets/jquery.js?body=1" for 127.0.0.1 at 2012-10-11 15:05:19 -0400
Served asset /jquery.js - 304 Not Modified (0ms)


Started GET "/assets/scaffolds.css?body=1" for 127.0.0.1 at 2012-10-11 15:05:19 -0400
Served asset /scaffolds.css - 304 Not Modified (0ms)


Started GET "/assets/jquery_ujs.js?body=1" for 127.0.0.1 at 2012-10-11 15:05:19 -0400
Served asset /jquery_ujs.js - 304 Not Modified (0ms)


Started GET "/assets/expenses.js?body=1" for 127.0.0.1 at 2012-10-11 15:05:19 -0400
Served asset /expenses.js - 304 Not Modified (0ms)


Started GET "/assets/application.js?body=1" for 127.0.0.1 at 2012-10-11 15:05:19 -0400
Served asset /application.js - 304 Not Modified (0ms)


Started GET "/expenses/new" for 127.0.0.1 at 2012-10-11 15:25:35 -0400
Processing by ExpensesController#new as HTML
  Rendered expenses/_form.html.erb (2.2ms)
  Rendered expenses/new.html.erb within layouts/application (2.9ms)
Completed 200 OK in 7ms (Views: 6.9ms | ActiveRecord: 0.0ms)


Started GET "/assets/application.css?body=1" for 127.0.0.1 at 2012-10-11 15:25:36 -0400
Served asset /application.css - 304 Not Modified (0ms)


Started GET "/assets/jquery.js?body=1" for 127.0.0.1 at 2012-10-11 15:25:36 -0400
Served asset /jquery.js - 304 Not Modified (0ms)


Started GET "/assets/expenses.css?body=1" for 127.0.0.1 at 2012-10-11 15:25:36 -0400
Served asset /expenses.css - 304 Not Modified (0ms)


Started GET "/assets/scaffolds.css?body=1" for 127.0.0.1 at 2012-10-11 15:25:36 -0400
Served asset /scaffolds.css - 304 Not Modified (0ms)


Started GET "/assets/jquery_ujs.js?body=1" for 127.0.0.1 at 2012-10-11 15:25:36 -0400
Served asset /jquery_ujs.js - 304 Not Modified (0ms)


Started GET "/assets/application.js?body=1" for 127.0.0.1 at 2012-10-11 15:25:36 -0400
Served asset /application.js - 304 Not Modified (0ms)


Started GET "/assets/expenses.js?body=1" for 127.0.0.1 at 2012-10-11 15:25:36 -0400
Served asset /expenses.js - 304 Not Modified (0ms)


Started POST "/expenses" for 127.0.0.1 at 2012-10-11 15:25:49 -0400
Processing by ExpensesController#create as HTML
  Parameters: {"utf8"=>"✓", "authenticity_token"=>"CPkGWL+M6WH8GyCd4EwFjibapaq4+PVNtoh0kgZ9ecg=", "expense"=>{"item"=>"PayRoll Check", "amount"=>"500.00", "addition"=>"1"}, "commit"=>"Create Expense"}
  [1m[35mSQL (16.3ms)[0m  BEGIN
  [1m[36mSQL (124.0ms)[0m  [1mINSERT INTO `expenses` (`addition`, `amount`, `created_at`, `item`, `updated_at`) VALUES (?, ?, ?, ?, ?)[0m  [["addition", true], ["amount", 500], ["created_at", Thu, 11 Oct 2012 19:25:49 UTC +00:00], ["item", "PayRoll Check"], ["updated_at", Thu, 11 Oct 2012 19:25:49 UTC +00:00]]
  [1m[35m (18.8ms)[0m  COMMIT
Redirected to http://0.0.0.0:4000/expenses/1
Completed 302 Found in 167ms (ActiveRecord: 159.1ms)


Started GET "/expenses/1" for 127.0.0.1 at 2012-10-11 15:25:49 -0400
Processing by ExpensesController#show as HTML
  Parameters: {"id"=>"1"}
  [1m[36mExpense Load (0.5ms)[0m  [1mSELECT `expenses`.* FROM `expenses` WHERE `expenses`.`id` = ? LIMIT 1[0m  [["id", "1"]]
  Rendered expenses/show.html.erb within layouts/application (1.7ms)
Completed 200 OK in 26ms (Views: 23.3ms | ActiveRecord: 0.5ms)


Started GET "/assets/application.css?body=1" for 127.0.0.1 at 2012-10-11 15:25:49 -0400
Served asset /application.css - 304 Not Modified (0ms)


Started GET "/assets/expenses.css?body=1" for 127.0.0.1 at 2012-10-11 15:25:49 -0400
Served asset /expenses.css - 304 Not Modified (0ms)


Started GET "/assets/jquery.js?body=1" for 127.0.0.1 at 2012-10-11 15:25:49 -0400
Served asset /jquery.js - 304 Not Modified (0ms)


Started GET "/assets/scaffolds.css?body=1" for 127.0.0.1 at 2012-10-11 15:25:49 -0400
Served asset /scaffolds.css - 304 Not Modified (0ms)


Started GET "/assets/jquery_ujs.js?body=1" for 127.0.0.1 at 2012-10-11 15:25:49 -0400
Served asset /jquery_ujs.js - 304 Not Modified (0ms)


Started GET "/assets/expenses.js?body=1" for 127.0.0.1 at 2012-10-11 15:25:49 -0400
Served asset /expenses.js - 304 Not Modified (0ms)


Started GET "/assets/application.js?body=1" for 127.0.0.1 at 2012-10-11 15:25:49 -0400
Served asset /application.js - 304 Not Modified (0ms)


Started GET "/expenses" for 127.0.0.1 at 2012-10-11 15:25:52 -0400
Processing by ExpensesController#index as HTML
  [1m[35mExpense Load (30.8ms)[0m  SELECT `expenses`.* FROM `expenses` 
  Rendered expenses/index.html.erb within layouts/application (1.0ms)
Completed 200 OK in 37ms (Views: 5.2ms | ActiveRecord: 30.8ms)


Started GET "/assets/application.css?body=1" for 127.0.0.1 at 2012-10-11 15:25:52 -0400
Served asset /application.css - 304 Not Modified (0ms)


Started GET "/assets/expenses.css?body=1" for 127.0.0.1 at 2012-10-11 15:25:52 -0400
Served asset /expenses.css - 304 Not Modified (0ms)


Started GET "/assets/scaffolds.css?body=1" for 127.0.0.1 at 2012-10-11 15:25:52 -0400
Served asset /scaffolds.css - 304 Not Modified (0ms)


Started GET "/assets/jquery.js?body=1" for 127.0.0.1 at 2012-10-11 15:25:52 -0400
Served asset /jquery.js - 304 Not Modified (0ms)


Started GET "/assets/expenses.js?body=1" for 127.0.0.1 at 2012-10-11 15:25:52 -0400
Served asset /expenses.js - 304 Not Modified (0ms)


Started GET "/assets/jquery_ujs.js?body=1" for 127.0.0.1 at 2012-10-11 15:25:52 -0400
Served asset /jquery_ujs.js - 304 Not Modified (0ms)


Started GET "/assets/application.js?body=1" for 127.0.0.1 at 2012-10-11 15:25:52 -0400
Served asset /application.js - 304 Not Modified (0ms)


Started DELETE "/expenses/1" for 127.0.0.1 at 2012-10-11 15:27:20 -0400
Processing by ExpensesController#destroy as HTML
  Parameters: {"authenticity_token"=>"CPkGWL+M6WH8GyCd4EwFjibapaq4+PVNtoh0kgZ9ecg=", "id"=>"1"}
  [1m[36mExpense Load (0.3ms)[0m  [1mSELECT `expenses`.* FROM `expenses` WHERE `expenses`.`id` = ? LIMIT 1[0m  [["id", "1"]]
  [1m[35mSQL (0.1ms)[0m  BEGIN
  [1m[36mSQL (79.8ms)[0m  [1mDELETE FROM `expenses` WHERE `expenses`.`id` = ?[0m  [["id", 1]]
  [1m[35m (0.7ms)[0m  COMMIT
Redirected to http://0.0.0.0:4000/expenses
Completed 302 Found in 84ms (ActiveRecord: 80.9ms)


Started GET "/expenses" for 127.0.0.1 at 2012-10-11 15:27:20 -0400
Processing by ExpensesController#index as HTML
  [1m[36mExpense Load (0.6ms)[0m  [1mSELECT `expenses`.* FROM `expenses` [0m
  Rendered expenses/index.html.erb within layouts/application (0.3ms)
Completed 200 OK in 6ms (Views: 4.2ms | ActiveRecord: 0.6ms)


Started GET "/assets/application.css?body=1" for 127.0.0.1 at 2012-10-11 15:27:20 -0400
Served asset /application.css - 304 Not Modified (0ms)


Started GET "/assets/expenses.css?body=1" for 127.0.0.1 at 2012-10-11 15:27:20 -0400
Served asset /expenses.css - 304 Not Modified (0ms)


Started GET "/assets/scaffolds.css?body=1" for 127.0.0.1 at 2012-10-11 15:27:20 -0400
Served asset /scaffolds.css - 304 Not Modified (0ms)


Started GET "/assets/jquery_ujs.js?body=1" for 127.0.0.1 at 2012-10-11 15:27:20 -0400
Served asset /jquery_ujs.js - 304 Not Modified (0ms)


Started GET "/assets/jquery.js?body=1" for 127.0.0.1 at 2012-10-11 15:27:20 -0400
Served asset /jquery.js - 304 Not Modified (0ms)


Started GET "/assets/application.js?body=1" for 127.0.0.1 at 2012-10-11 15:27:20 -0400
Served asset /application.js - 304 Not Modified (0ms)


Started GET "/assets/expenses.js?body=1" for 127.0.0.1 at 2012-10-11 15:27:20 -0400
Served asset /expenses.js - 304 Not Modified (0ms)


Started GET "/expenses" for 127.0.0.1 at 2012-10-11 15:28:55 -0400
Processing by ExpensesController#index as HTML
  [1m[35mExpense Load (0.4ms)[0m  SELECT `expenses`.* FROM `expenses` 
  Rendered expenses/index.html.erb within layouts/application (1.3ms)
Completed 200 OK in 7ms (Views: 6.0ms | ActiveRecord: 0.4ms)


Started GET "/assets/application.css?body=1" for 127.0.0.1 at 2012-10-11 15:28:55 -0400
Served asset /application.css - 304 Not Modified (0ms)


Started GET "/assets/expenses.css?body=1" for 127.0.0.1 at 2012-10-11 15:28:55 -0400
Served asset /expenses.css - 304 Not Modified (0ms)


Started GET "/assets/scaffolds.css?body=1" for 127.0.0.1 at 2012-10-11 15:28:55 -0400
Served asset /scaffolds.css - 304 Not Modified (0ms)


Started GET "/assets/jquery_ujs.js?body=1" for 127.0.0.1 at 2012-10-11 15:28:55 -0400
Served asset /jquery_ujs.js - 304 Not Modified (0ms)


Started GET "/assets/expenses.js?body=1" for 127.0.0.1 at 2012-10-11 15:28:55 -0400
Served asset /expenses.js - 304 Not Modified (0ms)


Started GET "/assets/jquery.js?body=1" for 127.0.0.1 at 2012-10-11 15:28:55 -0400
Served asset /jquery.js - 304 Not Modified (0ms)


Started GET "/assets/application.js?body=1" for 127.0.0.1 at 2012-10-11 15:28:55 -0400
Served asset /application.js - 304 Not Modified (0ms)
